TN:
SF:C:\Users\LENOVO\Desktop\PADD-R\contracts\contracts\DateUtils.sol
FN:18,addMonths
FN:28,monthsBetween
FNF:2
FNH:2
FNDA:63,addMonths
FNDA:8,monthsBetween
DA:19,63
DA:29,8
DA:30,7
LF:3
LH:3
BRDA:29,1,0,7
BRDA:29,1,1,1
BRF:2
BRH:2
end_of_record
TN:
SF:C:\Users\LENOVO\Desktop\PADD-R\contracts\contracts\DateUtilsHelper.sol
FN:6,addMonths
FN:10,monthsBetween
FNF:2
FNH:2
FNDA:11,addMonths
FNDA:8,monthsBetween
DA:7,11
DA:11,8
LF:2
LH:2
BRF:0
BRH:0
end_of_record
TN:
SF:C:\Users\LENOVO\Desktop\PADD-R\contracts\contracts\ITierCalculator.sol
FNF:0
FNH:0
LF:0
LH:0
BRF:0
BRH:0
end_of_record
TN:
SF:C:\Users\LENOVO\Desktop\PADD-R\contracts\contracts\MaliciousContract.sol
FN:9,constructor
FN:13,callEmergencyWithdraw
FNF:2
FNH:2
FNDA:13,constructor
FNDA:1,callEmergencyWithdraw
DA:10,13
DA:14,1
LF:2
LH:2
BRF:0
BRH:0
end_of_record
TN:
SF:C:\Users\LENOVO\Desktop\PADD-R\contracts\contracts\MultiStakeManager.sol
FN:63,constructor
FN:70,createPosition
FN:124,closePosition
FN:141,emergencyWithdraw
FN:157,getUserPositions
FN:161,calculateRewards
FN:170,removePositionFromUser
FN:186,setNFTFactory
FN:196,mintNextNFT
FNF:9
FNH:8
FNDA:42,constructor
FNDA:62,createPosition
FNDA:3,closePosition
FNDA:2,emergencyWithdraw
FNDA:5,getUserPositions
FNDA:2,calculateRewards
FNDA:3,removePositionFromUser
FNDA:13,setNFTFactory
FNDA:0,mintNextNFT
DA:64,42
DA:65,42
DA:66,42
DA:67,42
DA:71,62
DA:72,61
DA:73,58
DA:74,56
DA:75,54
DA:77,52
DA:78,52
DA:81,52
DA:82,52
DA:83,5
DA:85,1
DA:87,1
DA:89,45
DA:92,52
DA:103,52
DA:104,52
DA:106,52
DA:108,52
DA:111,52
DA:112,26
DA:125,3
DA:126,3
DA:127,3
DA:128,3
DA:130,2
DA:131,2
DA:132,2
DA:134,2
DA:136,2
DA:138,2
DA:142,2
DA:143,2
DA:144,2
DA:145,1
DA:147,1
DA:148,1
DA:150,1
DA:152,1
DA:154,1
DA:158,5
DA:162,2
DA:163,2
DA:166,2
DA:167,2
DA:171,3
DA:172,3
DA:173,3
DA:176,3
DA:177,1
DA:178,1
DA:179,1
DA:182,3
DA:183,3
DA:187,13
DA:188,13
DA:189,13
DA:197,0
DA:198,0
DA:199,0
DA:200,0
DA:203,0
DA:204,0
DA:207,0
DA:208,0
DA:211,0
DA:212,0
LF:70
LH:60
BRDA:64,1,0,42
BRDA:64,1,1,0
BRDA:70,2,0,62
BRDA:70,2,1,0
BRDA:71,3,0,61
BRDA:71,3,1,1
BRDA:72,4,0,58
BRDA:72,4,1,3
BRDA:73,5,0,56
BRDA:73,5,1,2
BRDA:74,6,0,54
BRDA:74,6,1,2
BRDA:75,7,0,52
BRDA:75,7,1,2
BRDA:82,8,0,5
BRDA:82,8,1,47
BRDA:84,9,0,1
BRDA:84,9,1,46
BRDA:86,10,0,1
BRDA:86,10,1,45
BRDA:106,11,0,52
BRDA:106,11,1,0
BRDA:111,12,0,26
BRDA:111,12,1,26
BRDA:124,13,0,3
BRDA:124,13,1,0
BRDA:126,14,0,3
BRDA:126,14,1,0
BRDA:127,15,0,3
BRDA:127,15,1,0
BRDA:128,16,0,2
BRDA:128,16,1,1
BRDA:136,17,0,2
BRDA:136,17,1,0
BRDA:141,18,0,2
BRDA:141,18,1,0
BRDA:143,19,0,2
BRDA:143,19,1,0
BRDA:144,20,0,1
BRDA:144,20,1,1
BRDA:145,21,0,1
BRDA:145,21,1,0
BRDA:152,22,0,1
BRDA:152,22,1,0
BRDA:163,23,0,2
BRDA:163,23,1,0
BRDA:176,24,0,1
BRDA:176,24,1,2
BRDA:186,25,0,13
BRDA:186,25,1,0
BRDA:187,26,0,13
BRDA:187,26,1,0
BRDA:198,27,0,0
BRDA:198,27,1,0
BRDA:199,28,0,0
BRDA:199,28,1,0
BRDA:200,29,0,0
BRDA:200,29,1,0
BRDA:200,30,0,0
BRDA:200,30,1,0
BRDA:204,31,0,0
BRDA:204,31,1,0
BRDA:211,32,0,0
BRDA:211,32,1,0
BRF:64
BRH:38
end_of_record
TN:
SF:C:\Users\LENOVO\Desktop\PADD-R\contracts\contracts\PADNFTFactory.sol
FN:37,constructor
FN:45,setBaseURI
FN:58,mintNFT
FN:76,_beforeTokenTransfers
FN:86,_baseURI
FN:90,tokenURI
FN:96,supportsInterface
FNF:7
FNH:6
FNDA:23,constructor
FNDA:1,setBaseURI
FNDA:34,mintNFT
FNDA:37,_beforeTokenTransfers
FNDA:2,_baseURI
FNDA:3,tokenURI
FNDA:0,supportsInterface
DA:38,23
DA:39,23
DA:40,23
DA:41,23
DA:42,23
DA:46,1
DA:47,1
DA:59,34
DA:60,34
DA:61,34
DA:62,34
DA:71,34
DA:72,34
DA:77,37
DA:78,3
DA:79,3
DA:80,3
DA:83,35
DA:87,2
DA:91,3
DA:92,2
DA:93,2
DA:97,0
LF:23
LH:22
BRDA:45,1,0,1
BRDA:45,1,1,0
BRDA:58,2,0,34
BRDA:58,2,1,0
BRDA:77,3,0,3
BRDA:77,3,1,34
BRDA:80,4,0,1
BRDA:80,4,1,2
BRDA:91,5,0,2
BRDA:91,5,1,1
BRDA:93,6,0,1
BRDA:93,6,1,1
BRF:12
BRH:10
end_of_record
TN:
SF:C:\Users\LENOVO\Desktop\PADD-R\contracts\contracts\PADToken.sol
FN:30,constructor
FN:38,pause
FN:42,unpause
FN:46,setGnosisSafe
FN:52,setCooldownPeriod
FN:58,setCooldown
FN:63,batchTransfer
FN:84,_update
FN:94,supportsInterface
FNF:9
FNH:8
FNDA:65,constructor
FNDA:1,pause
FNDA:1,unpause
FNDA:2,setGnosisSafe
FNDA:2,setCooldownPeriod
FNDA:7,setCooldown
FNDA:9,batchTransfer
FNDA:186,_update
FNDA:0,supportsInterface
DA:31,65
DA:32,65
DA:33,65
DA:34,65
DA:35,65
DA:39,1
DA:43,1
DA:47,2
DA:48,1
DA:49,1
DA:53,2
DA:54,1
DA:55,1
DA:59,7
DA:60,7
DA:64,9
DA:65,8
DA:66,8
DA:67,7
DA:69,8
DA:72,7
DA:73,2
DA:76,6
DA:77,6
DA:81,6
DA:86,186
DA:87,7
DA:88,6
DA:90,185
DA:95,0
LF:30
LH:29
BRDA:38,1,0,1
BRDA:38,1,1,1
BRDA:42,2,0,1
BRDA:42,2,1,0
BRDA:46,3,0,2
BRDA:46,3,1,1
BRDA:47,4,0,1
BRDA:47,4,1,1
BRDA:52,5,0,2
BRDA:52,5,1,0
BRDA:53,6,0,1
BRDA:53,6,1,1
BRDA:58,7,0,7
BRDA:58,7,1,0
BRDA:63,8,0,9
BRDA:63,8,1,0
BRDA:64,9,0,8
BRDA:64,9,1,1
BRDA:69,10,0,7
BRDA:69,10,1,1
BRDA:72,11,0,2
BRDA:72,11,1,5
BRDA:73,12,0,1
BRDA:73,12,1,1
BRDA:84,13,0,186
BRDA:84,13,1,0
BRDA:86,14,0,7
BRDA:86,14,1,179
BRDA:87,15,0,6
BRDA:87,15,1,1
BRF:30
BRH:25
end_of_record
TN:
SF:C:\Users\LENOVO\Desktop\PADD-R\contracts\contracts\TierCalculator.sol
FN:19,getTier
FNF:1
FNH:1
FNDA:34,getTier
DA:20,34
DA:21,4
DA:23,0
DA:25,1
DA:27,29
DA:29,0
LF:6
LH:4
BRDA:20,1,0,4
BRDA:20,1,1,30
BRDA:22,2,0,0
BRDA:22,2,1,30
BRDA:24,3,0,1
BRDA:24,3,1,29
BRDA:26,4,0,29
BRDA:26,4,1,0
BRF:8
BRH:6
end_of_record
