{"contracts\\DateUtils.sol":{"l":{"19":63,"29":8,"30":7},"path":"C:\\Users\\LENOVO\\Desktop\\PADD-R\\contracts\\contracts\\DateUtils.sol","s":{"1":63,"2":8,"3":7},"b":{"1":[7,1]},"f":{"1":63,"2":8},"fnMap":{"1":{"name":"addMonths","line":18,"loc":{"start":{"line":18,"column":4},"end":{"line":20,"column":4}}},"2":{"name":"monthsBetween","line":28,"loc":{"start":{"line":28,"column":4},"end":{"line":31,"column":4}}}},"statementMap":{"1":{"start":{"line":19,"column":8},"end":{"line":19,"column":55}},"2":{"start":{"line":29,"column":8},"end":{"line":29,"column":48}},"3":{"start":{"line":30,"column":8},"end":{"line":30,"column":48}}},"branchMap":{"1":{"line":29,"type":"if","locations":[{"start":{"line":29,"column":8},"end":{"line":29,"column":8}},{"start":{"line":29,"column":8},"end":{"line":29,"column":8}}]}}},"contracts\\DateUtilsHelper.sol":{"l":{"7":11,"11":8},"path":"C:\\Users\\LENOVO\\Desktop\\PADD-R\\contracts\\contracts\\DateUtilsHelper.sol","s":{"1":11,"2":8},"b":{},"f":{"1":11,"2":8},"fnMap":{"1":{"name":"addMonths","line":6,"loc":{"start":{"line":6,"column":4},"end":{"line":8,"column":4}}},"2":{"name":"monthsBetween","line":10,"loc":{"start":{"line":10,"column":4},"end":{"line":12,"column":4}}}},"statementMap":{"1":{"start":{"line":7,"column":8},"end":{"line":7,"column":53}},"2":{"start":{"line":11,"column":8},"end":{"line":11,"column":50}}},"branchMap":{}},"contracts\\ITierCalculator.sol":{"l":{},"path":"C:\\Users\\LENOVO\\Desktop\\PADD-R\\contracts\\contracts\\ITierCalculator.sol","s":{},"b":{},"f":{},"fnMap":{},"statementMap":{},"branchMap":{}},"contracts\\MaliciousContract.sol":{"l":{"10":13,"14":1},"path":"C:\\Users\\LENOVO\\Desktop\\PADD-R\\contracts\\contracts\\MaliciousContract.sol","s":{"1":1},"b":{},"f":{"1":13,"2":1},"fnMap":{"1":{"name":"constructor","line":9,"loc":{"start":{"line":9,"column":4},"end":{"line":11,"column":4}}},"2":{"name":"callEmergencyWithdraw","line":13,"loc":{"start":{"line":13,"column":4},"end":{"line":15,"column":4}}}},"statementMap":{"1":{"start":{"line":14,"column":8},"end":{"line":14,"column":49}}},"branchMap":{}},"contracts\\MultiStakeManager.sol":{"l":{"64":42,"65":42,"66":42,"67":42,"71":62,"72":61,"73":58,"74":56,"75":54,"77":52,"78":52,"81":52,"82":52,"83":5,"85":1,"87":1,"89":45,"92":52,"103":52,"104":52,"106":52,"108":52,"111":52,"112":26,"125":3,"126":3,"127":3,"128":3,"130":2,"131":2,"132":2,"134":2,"136":2,"138":2,"142":2,"143":2,"144":2,"145":1,"147":1,"148":1,"150":1,"152":1,"154":1,"158":5,"162":2,"163":2,"166":2,"167":2,"171":3,"172":3,"173":3,"176":3,"177":1,"178":1,"179":1,"182":3,"183":3,"187":13,"188":13,"189":13,"197":0,"198":0,"199":0,"200":0,"203":0,"204":0,"207":0,"208":0,"211":0,"212":0},"path":"C:\\Users\\LENOVO\\Desktop\\PADD-R\\contracts\\contracts\\MultiStakeManager.sol","s":{"1":42,"2":42,"3":42,"4":62,"5":61,"6":58,"7":56,"8":54,"9":52,"10":52,"11":52,"12":52,"13":47,"14":46,"15":52,"16":52,"17":52,"18":52,"19":26,"20":3,"21":3,"22":3,"23":3,"24":2,"25":2,"26":2,"27":2,"28":2,"29":2,"30":2,"31":2,"32":1,"33":1,"34":1,"35":1,"36":1,"37":5,"38":2,"39":2,"40":2,"41":2,"42":3,"43":3,"44":3,"45":3,"46":1,"47":3,"48":13,"49":13,"50":0,"51":0,"52":0,"53":0,"54":0,"55":0,"56":0,"57":0},"b":{"1":[42,0],"2":[62,0],"3":[61,1],"4":[58,3],"5":[56,2],"6":[54,2],"7":[52,2],"8":[5,47],"9":[1,46],"10":[1,45],"11":[52,0],"12":[26,26],"13":[3,0],"14":[3,0],"15":[3,0],"16":[2,1],"17":[2,0],"18":[2,0],"19":[2,0],"20":[1,1],"21":[1,0],"22":[1,0],"23":[2,0],"24":[1,2],"25":[13,0],"26":[13,0],"27":[0,0],"28":[0,0],"29":[0,0],"30":[0,0],"31":[0,0],"32":[0,0]},"f":{"1":42,"2":62,"3":3,"4":2,"5":5,"6":2,"7":3,"8":13,"9":0},"fnMap":{"1":{"name":"constructor","line":63,"loc":{"start":{"line":63,"column":4},"end":{"line":68,"column":4}}},"2":{"name":"createPosition","line":70,"loc":{"start":{"line":70,"column":4},"end":{"line":122,"column":4}}},"3":{"name":"closePosition","line":124,"loc":{"start":{"line":124,"column":4},"end":{"line":139,"column":4}}},"4":{"name":"emergencyWithdraw","line":141,"loc":{"start":{"line":141,"column":4},"end":{"line":155,"column":4}}},"5":{"name":"getUserPositions","line":157,"loc":{"start":{"line":157,"column":4},"end":{"line":159,"column":4}}},"6":{"name":"calculateRewards","line":161,"loc":{"start":{"line":161,"column":4},"end":{"line":168,"column":4}}},"7":{"name":"removePositionFromUser","line":170,"loc":{"start":{"line":170,"column":4},"end":{"line":184,"column":4}}},"8":{"name":"setNFTFactory","line":186,"loc":{"start":{"line":186,"column":4},"end":{"line":190,"column":4}}},"9":{"name":"mintNextNFT","line":196,"loc":{"start":{"line":196,"column":4},"end":{"line":222,"column":4}}}},"statementMap":{"1":{"start":{"line":64,"column":8},"end":{"line":64,"column":59}},"2":{"start":{"line":66,"column":8},"end":{"line":66,"column":49}},"3":{"start":{"line":67,"column":8},"end":{"line":67,"column":41}},"4":{"start":{"line":71,"column":8},"end":{"line":71,"column":41}},"5":{"start":{"line":72,"column":8},"end":{"line":72,"column":68}},"6":{"start":{"line":73,"column":8},"end":{"line":73,"column":67}},"7":{"start":{"line":74,"column":8},"end":{"line":74,"column":97}},"8":{"start":{"line":75,"column":8},"end":{"line":75,"column":63}},"9":{"start":{"line":77,"column":8},"end":{"line":77,"column":46}},"10":{"start":{"line":78,"column":8},"end":{"line":78,"column":43}},"11":{"start":{"line":81,"column":8},"end":{"line":81,"column":20}},"12":{"start":{"line":82,"column":8},"end":{"line":82,"column":3349}},"13":{"start":{"line":84,"column":15},"end":{"line":84,"column":3441}},"14":{"start":{"line":86,"column":15},"end":{"line":86,"column":3529}},"15":{"start":{"line":103,"column":8},"end":{"line":103,"column":49}},"16":{"start":{"line":106,"column":8},"end":{"line":106,"column":95}},"17":{"start":{"line":108,"column":8},"end":{"line":108,"column":70}},"18":{"start":{"line":111,"column":8},"end":{"line":111,"column":4390}},"19":{"start":{"line":112,"column":12},"end":{"line":112,"column":4439}},"20":{"start":{"line":125,"column":8},"end":{"line":125,"column":57}},"21":{"start":{"line":126,"column":8},"end":{"line":126,"column":56}},"22":{"start":{"line":127,"column":8},"end":{"line":127,"column":66}},"23":{"start":{"line":128,"column":8},"end":{"line":128,"column":96}},"24":{"start":{"line":130,"column":8},"end":{"line":130,"column":40}},"25":{"start":{"line":131,"column":8},"end":{"line":131,"column":53}},"26":{"start":{"line":134,"column":8},"end":{"line":134,"column":41}},"27":{"start":{"line":136,"column":8},"end":{"line":136,"column":85}},"28":{"start":{"line":138,"column":8},"end":{"line":138,"column":67}},"29":{"start":{"line":142,"column":8},"end":{"line":142,"column":57}},"30":{"start":{"line":143,"column":8},"end":{"line":143,"column":56}},"31":{"start":{"line":144,"column":8},"end":{"line":144,"column":66}},"32":{"start":{"line":145,"column":8},"end":{"line":145,"column":51}},"33":{"start":{"line":147,"column":8},"end":{"line":147,"column":40}},"34":{"start":{"line":150,"column":8},"end":{"line":150,"column":41}},"35":{"start":{"line":152,"column":8},"end":{"line":152,"column":76}},"36":{"start":{"line":154,"column":8},"end":{"line":154,"column":63}},"37":{"start":{"line":158,"column":8},"end":{"line":158,"column":34}},"38":{"start":{"line":162,"column":8},"end":{"line":162,"column":57}},"39":{"start":{"line":163,"column":8},"end":{"line":163,"column":56}},"40":{"start":{"line":166,"column":8},"end":{"line":166,"column":66}},"41":{"start":{"line":167,"column":8},"end":{"line":167,"column":47}},"42":{"start":{"line":171,"column":8},"end":{"line":171,"column":57}},"43":{"start":{"line":172,"column":8},"end":{"line":172,"column":76}},"44":{"start":{"line":173,"column":8},"end":{"line":173,"column":60}},"45":{"start":{"line":176,"column":8},"end":{"line":176,"column":6929}},"46":{"start":{"line":177,"column":12},"end":{"line":177,"column":86}},"47":{"start":{"line":182,"column":8},"end":{"line":182,"column":31}},"48":{"start":{"line":187,"column":8},"end":{"line":187,"column":57}},"49":{"start":{"line":189,"column":8},"end":{"line":189,"column":39}},"50":{"start":{"line":197,"column":8},"end":{"line":197,"column":57}},"51":{"start":{"line":198,"column":8},"end":{"line":198,"column":56}},"52":{"start":{"line":199,"column":8},"end":{"line":199,"column":67}},"53":{"start":{"line":200,"column":8},"end":{"line":200,"column":89}},"54":{"start":{"line":203,"column":8},"end":{"line":203,"column":82}},"55":{"start":{"line":204,"column":8},"end":{"line":204,"column":88}},"56":{"start":{"line":211,"column":8},"end":{"line":211,"column":8380}},"57":{"start":{"line":212,"column":12},"end":{"line":212,"column":8429}}},"branchMap":{"1":{"line":64,"type":"if","locations":[{"start":{"line":64,"column":8},"end":{"line":64,"column":8}},{"start":{"line":64,"column":8},"end":{"line":64,"column":8}}]},"2":{"line":70,"type":"if","locations":[{"start":{"line":70,"column":71},"end":{"line":70,"column":71}},{"start":{"line":70,"column":71},"end":{"line":70,"column":71}}]},"3":{"line":71,"type":"if","locations":[{"start":{"line":71,"column":8},"end":{"line":71,"column":8}},{"start":{"line":71,"column":8},"end":{"line":71,"column":8}}]},"4":{"line":72,"type":"if","locations":[{"start":{"line":72,"column":8},"end":{"line":72,"column":8}},{"start":{"line":72,"column":8},"end":{"line":72,"column":8}}]},"5":{"line":73,"type":"if","locations":[{"start":{"line":73,"column":8},"end":{"line":73,"column":8}},{"start":{"line":73,"column":8},"end":{"line":73,"column":8}}]},"6":{"line":74,"type":"if","locations":[{"start":{"line":74,"column":8},"end":{"line":74,"column":8}},{"start":{"line":74,"column":8},"end":{"line":74,"column":8}}]},"7":{"line":75,"type":"if","locations":[{"start":{"line":75,"column":8},"end":{"line":75,"column":8}},{"start":{"line":75,"column":8},"end":{"line":75,"column":8}}]},"8":{"line":82,"type":"if","locations":[{"start":{"line":82,"column":8},"end":{"line":82,"column":8}},{"start":{"line":82,"column":8},"end":{"line":82,"column":8}}]},"9":{"line":84,"type":"if","locations":[{"start":{"line":84,"column":15},"end":{"line":84,"column":15}},{"start":{"line":84,"column":15},"end":{"line":84,"column":15}}]},"10":{"line":86,"type":"if","locations":[{"start":{"line":86,"column":15},"end":{"line":86,"column":15}},{"start":{"line":86,"column":15},"end":{"line":86,"column":15}}]},"11":{"line":106,"type":"if","locations":[{"start":{"line":106,"column":8},"end":{"line":106,"column":8}},{"start":{"line":106,"column":8},"end":{"line":106,"column":8}}]},"12":{"line":111,"type":"if","locations":[{"start":{"line":111,"column":8},"end":{"line":111,"column":8}},{"start":{"line":111,"column":8},"end":{"line":111,"column":8}}]},"13":{"line":124,"type":"if","locations":[{"start":{"line":124,"column":56},"end":{"line":124,"column":56}},{"start":{"line":124,"column":56},"end":{"line":124,"column":56}}]},"14":{"line":126,"type":"if","locations":[{"start":{"line":126,"column":8},"end":{"line":126,"column":8}},{"start":{"line":126,"column":8},"end":{"line":126,"column":8}}]},"15":{"line":127,"type":"if","locations":[{"start":{"line":127,"column":8},"end":{"line":127,"column":8}},{"start":{"line":127,"column":8},"end":{"line":127,"column":8}}]},"16":{"line":128,"type":"if","locations":[{"start":{"line":128,"column":8},"end":{"line":128,"column":8}},{"start":{"line":128,"column":8},"end":{"line":128,"column":8}}]},"17":{"line":136,"type":"if","locations":[{"start":{"line":136,"column":8},"end":{"line":136,"column":8}},{"start":{"line":136,"column":8},"end":{"line":136,"column":8}}]},"18":{"line":141,"type":"if","locations":[{"start":{"line":141,"column":60},"end":{"line":141,"column":60}},{"start":{"line":141,"column":60},"end":{"line":141,"column":60}}]},"19":{"line":143,"type":"if","locations":[{"start":{"line":143,"column":8},"end":{"line":143,"column":8}},{"start":{"line":143,"column":8},"end":{"line":143,"column":8}}]},"20":{"line":144,"type":"if","locations":[{"start":{"line":144,"column":8},"end":{"line":144,"column":8}},{"start":{"line":144,"column":8},"end":{"line":144,"column":8}}]},"21":{"line":145,"type":"if","locations":[{"start":{"line":145,"column":8},"end":{"line":145,"column":8}},{"start":{"line":145,"column":8},"end":{"line":145,"column":8}}]},"22":{"line":152,"type":"if","locations":[{"start":{"line":152,"column":8},"end":{"line":152,"column":8}},{"start":{"line":152,"column":8},"end":{"line":152,"column":8}}]},"23":{"line":163,"type":"if","locations":[{"start":{"line":163,"column":8},"end":{"line":163,"column":8}},{"start":{"line":163,"column":8},"end":{"line":163,"column":8}}]},"24":{"line":176,"type":"if","locations":[{"start":{"line":176,"column":8},"end":{"line":176,"column":8}},{"start":{"line":176,"column":8},"end":{"line":176,"column":8}}]},"25":{"line":186,"type":"if","locations":[{"start":{"line":186,"column":57},"end":{"line":186,"column":57}},{"start":{"line":186,"column":57},"end":{"line":186,"column":57}}]},"26":{"line":187,"type":"if","locations":[{"start":{"line":187,"column":8},"end":{"line":187,"column":8}},{"start":{"line":187,"column":8},"end":{"line":187,"column":8}}]},"27":{"line":198,"type":"if","locations":[{"start":{"line":198,"column":8},"end":{"line":198,"column":8}},{"start":{"line":198,"column":8},"end":{"line":198,"column":8}}]},"28":{"line":199,"type":"if","locations":[{"start":{"line":199,"column":8},"end":{"line":199,"column":8}},{"start":{"line":199,"column":8},"end":{"line":199,"column":8}}]},"29":{"line":200,"type":"if","locations":[{"start":{"line":200,"column":8},"end":{"line":200,"column":8}},{"start":{"line":200,"column":8},"end":{"line":200,"column":8}}]},"30":{"line":200,"type":"cond-expr","locations":[{"start":{"line":200,"column":16},"end":{"line":200,"column":39}},{"start":{"line":200,"column":44},"end":{"line":200,"column":70}}]},"31":{"line":204,"type":"if","locations":[{"start":{"line":204,"column":8},"end":{"line":204,"column":8}},{"start":{"line":204,"column":8},"end":{"line":204,"column":8}}]},"32":{"line":211,"type":"if","locations":[{"start":{"line":211,"column":8},"end":{"line":211,"column":8}},{"start":{"line":211,"column":8},"end":{"line":211,"column":8}}]}}},"contracts\\PADNFTFactory.sol":{"l":{"38":23,"39":23,"40":23,"41":23,"42":23,"46":1,"47":1,"59":34,"60":34,"61":34,"62":34,"71":34,"72":34,"77":37,"78":3,"79":3,"80":3,"83":35,"87":2,"91":3,"92":2,"93":2,"97":0},"path":"C:\\Users\\LENOVO\\Desktop\\PADD-R\\contracts\\contracts\\PADNFTFactory.sol","s":{"1":23,"2":23,"3":23,"4":1,"5":34,"6":34,"7":34,"8":34,"9":34,"10":37,"11":3,"12":3,"13":3,"14":35,"15":2,"16":3,"17":2,"18":2,"19":0},"b":{"1":[1,0],"2":[34,0],"3":[3,34],"4":[1,2],"5":[2,1],"6":[1,1]},"f":{"1":23,"2":1,"3":34,"4":37,"5":2,"6":3,"7":0},"fnMap":{"1":{"name":"constructor","line":37,"loc":{"start":{"line":37,"column":4},"end":{"line":43,"column":4}}},"2":{"name":"setBaseURI","line":45,"loc":{"start":{"line":45,"column":4},"end":{"line":48,"column":4}}},"3":{"name":"mintNFT","line":58,"loc":{"start":{"line":50,"column":4},"end":{"line":73,"column":4}}},"4":{"name":"_beforeTokenTransfers","line":76,"loc":{"start":{"line":76,"column":4},"end":{"line":84,"column":4}}},"5":{"name":"_baseURI","line":86,"loc":{"start":{"line":86,"column":4},"end":{"line":88,"column":4}}},"6":{"name":"tokenURI","line":90,"loc":{"start":{"line":90,"column":4},"end":{"line":94,"column":4}}},"7":{"name":"supportsInterface","line":96,"loc":{"start":{"line":96,"column":4},"end":{"line":98,"column":4}}}},"statementMap":{"1":{"start":{"line":38,"column":8},"end":{"line":38,"column":49}},"2":{"start":{"line":39,"column":8},"end":{"line":39,"column":46}},"3":{"start":{"line":40,"column":8},"end":{"line":40,"column":42}},"4":{"start":{"line":47,"column":8},"end":{"line":47,"column":35}},"5":{"start":{"line":59,"column":8},"end":{"line":59,"column":90}},"6":{"start":{"line":60,"column":8},"end":{"line":60,"column":40}},"7":{"start":{"line":61,"column":8},"end":{"line":61,"column":23}},"8":{"start":{"line":71,"column":8},"end":{"line":71,"column":57}},"9":{"start":{"line":72,"column":8},"end":{"line":72,"column":22}},"10":{"start":{"line":77,"column":8},"end":{"line":77,"column":2733}},"11":{"start":{"line":78,"column":12},"end":{"line":78,"column":2796}},"12":{"start":{"line":79,"column":16},"end":{"line":79,"column":68}},"13":{"start":{"line":80,"column":16},"end":{"line":80,"column":80}},"14":{"start":{"line":83,"column":8},"end":{"line":83,"column":68}},"15":{"start":{"line":87,"column":8},"end":{"line":87,"column":28}},"16":{"start":{"line":91,"column":8},"end":{"line":91,"column":83}},"17":{"start":{"line":92,"column":8},"end":{"line":92,"column":39}},"18":{"start":{"line":93,"column":8},"end":{"line":93,"column":104}},"19":{"start":{"line":97,"column":8},"end":{"line":97,"column":51}}},"branchMap":{"1":{"line":45,"type":"if","locations":[{"start":{"line":45,"column":59},"end":{"line":45,"column":59}},{"start":{"line":45,"column":59},"end":{"line":45,"column":59}}]},"2":{"line":58,"type":"if","locations":[{"start":{"line":58,"column":15},"end":{"line":58,"column":15}},{"start":{"line":58,"column":15},"end":{"line":58,"column":15}}]},"3":{"line":77,"type":"if","locations":[{"start":{"line":77,"column":8},"end":{"line":77,"column":8}},{"start":{"line":77,"column":8},"end":{"line":77,"column":8}}]},"4":{"line":80,"type":"if","locations":[{"start":{"line":80,"column":16},"end":{"line":80,"column":16}},{"start":{"line":80,"column":16},"end":{"line":80,"column":16}}]},"5":{"line":91,"type":"if","locations":[{"start":{"line":91,"column":8},"end":{"line":91,"column":8}},{"start":{"line":91,"column":8},"end":{"line":91,"column":8}}]},"6":{"line":93,"type":"if","locations":[{"start":{"line":93,"column":40},"end":{"line":93,"column":98}},{"start":{"line":93,"column":102},"end":{"line":93,"column":103}}]}}},"contracts\\PADToken.sol":{"l":{"31":65,"32":65,"33":65,"34":65,"35":65,"39":1,"43":1,"47":2,"48":1,"49":1,"53":2,"54":1,"55":1,"59":7,"60":7,"64":9,"65":8,"66":8,"67":7,"69":8,"72":7,"73":2,"76":6,"77":6,"81":6,"86":186,"87":7,"88":6,"90":185,"95":0},"path":"C:\\Users\\LENOVO\\Desktop\\PADD-R\\contracts\\contracts\\PADToken.sol","s":{"1":65,"2":65,"3":65,"4":65,"5":1,"6":1,"7":2,"8":1,"9":2,"10":1,"11":7,"12":9,"13":8,"14":8,"15":8,"16":7,"17":2,"18":6,"19":6,"20":186,"21":7,"22":185,"23":0},"b":{"1":[1,1],"2":[1,0],"3":[2,1],"4":[1,1],"5":[2,0],"6":[1,1],"7":[7,0],"8":[9,0],"9":[8,1],"10":[7,1],"11":[2,5],"12":[1,1],"13":[186,0],"14":[7,179],"15":[6,1]},"f":{"1":65,"2":1,"3":1,"4":2,"5":2,"6":7,"7":9,"8":186,"9":0},"fnMap":{"1":{"name":"constructor","line":30,"loc":{"start":{"line":30,"column":4},"end":{"line":36,"column":4}}},"2":{"name":"pause","line":38,"loc":{"start":{"line":38,"column":4},"end":{"line":40,"column":4}}},"3":{"name":"unpause","line":42,"loc":{"start":{"line":42,"column":4},"end":{"line":44,"column":4}}},"4":{"name":"setGnosisSafe","line":46,"loc":{"start":{"line":46,"column":4},"end":{"line":50,"column":4}}},"5":{"name":"setCooldownPeriod","line":52,"loc":{"start":{"line":52,"column":4},"end":{"line":56,"column":4}}},"6":{"name":"setCooldown","line":58,"loc":{"start":{"line":58,"column":4},"end":{"line":61,"column":4}}},"7":{"name":"batchTransfer","line":63,"loc":{"start":{"line":63,"column":4},"end":{"line":82,"column":4}}},"8":{"name":"_update","line":84,"loc":{"start":{"line":84,"column":4},"end":{"line":91,"column":4}}},"9":{"name":"supportsInterface","line":94,"loc":{"start":{"line":94,"column":4},"end":{"line":96,"column":4}}}},"statementMap":{"1":{"start":{"line":31,"column":8},"end":{"line":31,"column":49}},"2":{"start":{"line":32,"column":8},"end":{"line":32,"column":42}},"3":{"start":{"line":33,"column":8},"end":{"line":33,"column":41}},"4":{"start":{"line":34,"column":8},"end":{"line":34,"column":56}},"5":{"start":{"line":39,"column":8},"end":{"line":39,"column":15}},"6":{"start":{"line":43,"column":8},"end":{"line":43,"column":17}},"7":{"start":{"line":47,"column":8},"end":{"line":47,"column":60}},"8":{"start":{"line":49,"column":8},"end":{"line":49,"column":39}},"9":{"start":{"line":53,"column":8},"end":{"line":53,"column":62}},"10":{"start":{"line":55,"column":8},"end":{"line":55,"column":47}},"11":{"start":{"line":60,"column":8},"end":{"line":60,"column":41}},"12":{"start":{"line":64,"column":8},"end":{"line":64,"column":77}},"13":{"start":{"line":65,"column":8},"end":{"line":65,"column":31}},"14":{"start":{"line":66,"column":8},"end":{"line":66,"column":2591}},"15":{"start":{"line":69,"column":8},"end":{"line":69,"column":76}},"16":{"start":{"line":72,"column":8},"end":{"line":72,"column":2826}},"17":{"start":{"line":73,"column":12},"end":{"line":73,"column":120}},"18":{"start":{"line":76,"column":8},"end":{"line":76,"column":3003}},"19":{"start":{"line":77,"column":12},"end":{"line":77,"column":59}},"20":{"start":{"line":86,"column":8},"end":{"line":86,"column":3394}},"21":{"start":{"line":87,"column":12},"end":{"line":87,"column":114}},"22":{"start":{"line":90,"column":8},"end":{"line":90,"column":37}},"23":{"start":{"line":95,"column":8},"end":{"line":95,"column":51}}},"branchMap":{"1":{"line":38,"type":"if","locations":[{"start":{"line":38,"column":28},"end":{"line":38,"column":28}},{"start":{"line":38,"column":28},"end":{"line":38,"column":28}}]},"2":{"line":42,"type":"if","locations":[{"start":{"line":42,"column":30},"end":{"line":42,"column":30}},{"start":{"line":42,"column":30},"end":{"line":42,"column":30}}]},"3":{"line":46,"type":"if","locations":[{"start":{"line":46,"column":57},"end":{"line":46,"column":57}},{"start":{"line":46,"column":57},"end":{"line":46,"column":57}}]},"4":{"line":47,"type":"if","locations":[{"start":{"line":47,"column":8},"end":{"line":47,"column":8}},{"start":{"line":47,"column":8},"end":{"line":47,"column":8}}]},"5":{"line":52,"type":"if","locations":[{"start":{"line":52,"column":65},"end":{"line":52,"column":65}},{"start":{"line":52,"column":65},"end":{"line":52,"column":65}}]},"6":{"line":53,"type":"if","locations":[{"start":{"line":53,"column":8},"end":{"line":53,"column":8}},{"start":{"line":53,"column":8},"end":{"line":53,"column":8}}]},"7":{"line":58,"type":"if","locations":[{"start":{"line":58,"column":64},"end":{"line":58,"column":64}},{"start":{"line":58,"column":64},"end":{"line":58,"column":64}}]},"8":{"line":63,"type":"if","locations":[{"start":{"line":63,"column":95},"end":{"line":63,"column":95}},{"start":{"line":63,"column":95},"end":{"line":63,"column":95}}]},"9":{"line":64,"type":"if","locations":[{"start":{"line":64,"column":8},"end":{"line":64,"column":8}},{"start":{"line":64,"column":8},"end":{"line":64,"column":8}}]},"10":{"line":69,"type":"if","locations":[{"start":{"line":69,"column":8},"end":{"line":69,"column":8}},{"start":{"line":69,"column":8},"end":{"line":69,"column":8}}]},"11":{"line":72,"type":"if","locations":[{"start":{"line":72,"column":8},"end":{"line":72,"column":8}},{"start":{"line":72,"column":8},"end":{"line":72,"column":8}}]},"12":{"line":73,"type":"if","locations":[{"start":{"line":73,"column":12},"end":{"line":73,"column":12}},{"start":{"line":73,"column":12},"end":{"line":73,"column":12}}]},"13":{"line":84,"type":"if","locations":[{"start":{"line":84,"column":87},"end":{"line":84,"column":87}},{"start":{"line":84,"column":87},"end":{"line":84,"column":87}}]},"14":{"line":86,"type":"if","locations":[{"start":{"line":86,"column":8},"end":{"line":86,"column":8}},{"start":{"line":86,"column":8},"end":{"line":86,"column":8}}]},"15":{"line":87,"type":"if","locations":[{"start":{"line":87,"column":12},"end":{"line":87,"column":12}},{"start":{"line":87,"column":12},"end":{"line":87,"column":12}}]}}},"contracts\\TierCalculator.sol":{"l":{"20":34,"21":4,"23":0,"25":1,"27":29,"29":0},"path":"C:\\Users\\LENOVO\\Desktop\\PADD-R\\contracts\\contracts\\TierCalculator.sol","s":{"1":34,"2":4,"3":30,"4":0,"5":30,"6":1,"7":29,"8":29,"9":0},"b":{"1":[4,30],"2":[0,30],"3":[1,29],"4":[29,0]},"f":{"1":34},"fnMap":{"1":{"name":"getTier","line":19,"loc":{"start":{"line":19,"column":4},"end":{"line":31,"column":4}}}},"statementMap":{"1":{"start":{"line":20,"column":8},"end":{"line":20,"column":606}},"2":{"start":{"line":21,"column":12},"end":{"line":21,"column":39}},"3":{"start":{"line":22,"column":15},"end":{"line":22,"column":697}},"4":{"start":{"line":23,"column":12},"end":{"line":23,"column":35}},"5":{"start":{"line":24,"column":15},"end":{"line":24,"column":786}},"6":{"start":{"line":25,"column":12},"end":{"line":25,"column":37}},"7":{"start":{"line":26,"column":15},"end":{"line":26,"column":875}},"8":{"start":{"line":27,"column":12},"end":{"line":27,"column":37}},"9":{"start":{"line":29,"column":12},"end":{"line":29,"column":39}}},"branchMap":{"1":{"line":20,"type":"if","locations":[{"start":{"line":20,"column":8},"end":{"line":20,"column":8}},{"start":{"line":20,"column":8},"end":{"line":20,"column":8}}]},"2":{"line":22,"type":"if","locations":[{"start":{"line":22,"column":15},"end":{"line":22,"column":15}},{"start":{"line":22,"column":15},"end":{"line":22,"column":15}}]},"3":{"line":24,"type":"if","locations":[{"start":{"line":24,"column":15},"end":{"line":24,"column":15}},{"start":{"line":24,"column":15},"end":{"line":24,"column":15}}]},"4":{"line":26,"type":"if","locations":[{"start":{"line":26,"column":15},"end":{"line":26,"column":15}},{"start":{"line":26,"column":15},"end":{"line":26,"column":15}}]}}}}